11:36:03.855 [main] INFO  testCases.TC_001_AccountRegistrationPage - Starting ***Registrationpage****
11:36:05.241 [main] INFO  testCases.TC_001_AccountRegistrationPage - *****Click on register*****
11:36:05.403 [main] INFO  testCases.TC_001_AccountRegistrationPage - *****Enter valid Details*****
11:36:07.264 [main] INFO  testCases.TC_001_AccountRegistrationPage - *****Get Validation*****
11:40:17.355 [main] INFO  testCases.TC_001_AccountRegistrationPage - Starting ***Registrationpage****
11:40:18.148 [main] INFO  testCases.TC_001_AccountRegistrationPage - *****Click on register*****
11:40:18.305 [main] INFO  testCases.TC_001_AccountRegistrationPage - *****Enter valid Details*****
11:40:20.563 [main] INFO  testCases.TC_001_AccountRegistrationPage - *****Get Validation*****
11:56:30.717 [main] INFO  testCases.TC_001_AccountRegistrationPage - Starting ***Registrationpage****
11:56:32.064 [main] INFO  testCases.TC_001_AccountRegistrationPage - *****Click on register*****
11:56:32.222 [main] INFO  testCases.TC_001_AccountRegistrationPage - *****Enter valid Details*****
11:56:34.389 [main] INFO  testCases.TC_001_AccountRegistrationPage - *****Get Validation*****
11:56:53.531 [main] INFO  testCases.TC_001_AccountRegistrationPage - Starting ***Registrationpage****
11:56:54.366 [main] INFO  testCases.TC_001_AccountRegistrationPage - *****Click on register*****
11:56:54.524 [main] INFO  testCases.TC_001_AccountRegistrationPage - *****Enter valid Details*****
11:56:56.777 [main] INFO  testCases.TC_001_AccountRegistrationPage - *****Get Validation*****
11:57:47.139 [main] INFO  testCases.TC_001_AccountRegistrationPage - Starting ***Registrationpage****
11:57:47.957 [main] INFO  testCases.TC_001_AccountRegistrationPage - *****Click on register*****
11:57:48.109 [main] INFO  testCases.TC_001_AccountRegistrationPage - *****Enter valid Details*****
11:57:50.417 [main] INFO  testCases.TC_001_AccountRegistrationPage - *****Get Validation*****
11:58:05.226 [main] INFO  testCases.TC_001_AccountRegistrationPage - Starting ***Registrationpage****
11:58:05.984 [main] INFO  testCases.TC_001_AccountRegistrationPage - *****Click on register*****
11:58:06.140 [main] INFO  testCases.TC_001_AccountRegistrationPage - *****Enter valid Details*****
11:58:08.333 [main] INFO  testCases.TC_001_AccountRegistrationPage - *****Get Validation*****
11:59:08.121 [main] INFO  testCases.TC_001_AccountRegistrationPage - Starting ***Registrationpage****
11:59:09.023 [main] INFO  testCases.TC_001_AccountRegistrationPage - *****Click on register*****
11:59:09.242 [main] INFO  testCases.TC_001_AccountRegistrationPage - *****Enter valid Details*****
11:59:12.233 [main] INFO  testCases.TC_001_AccountRegistrationPage - *****Get Validation*****
11:59:47.508 [main] INFO  testCases.TC_001_AccountRegistrationPage - Starting ***Registrationpage****
11:59:48.995 [main] INFO  testCases.TC_001_AccountRegistrationPage - *****Click on register*****
11:59:49.291 [main] INFO  testCases.TC_001_AccountRegistrationPage - *****Enter valid Details*****
11:59:52.614 [main] INFO  testCases.TC_001_AccountRegistrationPage - *****Get Validation*****
12:03:36.044 [main] INFO  testCases.TC_001_AccountRegistrationPage - Starting ***Registrationpage****
12:03:37.698 [main] INFO  testCases.TC_001_AccountRegistrationPage - *****Click on register*****
12:03:37.853 [main] INFO  testCases.TC_001_AccountRegistrationPage - *****Enter valid Details*****
12:03:40.158 [main] INFO  testCases.TC_001_AccountRegistrationPage - *****Get Validation*****
12:15:18.956 [main] INFO  testCases.TC_001_AccountRegistrationPage - Starting ***Registrationpage****
12:15:20.417 [main] INFO  testCases.TC_001_AccountRegistrationPage - *****Click on register*****
12:15:20.569 [main] INFO  testCases.TC_001_AccountRegistrationPage - *****Enter valid Details*****
12:15:22.819 [main] INFO  testCases.TC_001_AccountRegistrationPage - *****Get Validation*****
12:22:38.636 [main] INFO  testCases.TC_001_AccountRegistrationPage - Starting ***Registrationpage****
12:22:39.968 [main] INFO  testCases.TC_001_AccountRegistrationPage - *****Click on register*****
12:22:40.129 [main] INFO  testCases.TC_001_AccountRegistrationPage - *****Enter valid Details*****
12:22:42.250 [main] INFO  testCases.TC_001_AccountRegistrationPage - *****Get Validation*****
12:23:05.891 [main] INFO  testCases.TC_001_AccountRegistrationPage - Starting ***Registrationpage****
12:23:06.773 [main] INFO  testCases.TC_001_AccountRegistrationPage - *****Click on register*****
12:23:06.920 [main] INFO  testCases.TC_001_AccountRegistrationPage - *****Enter valid Details*****
12:23:09.236 [main] INFO  testCases.TC_001_AccountRegistrationPage - *****Get Validation*****
12:29:48.698 [main] INFO  testCases.TC_001_AccountRegistrationPage - Starting ***Registrationpage****
12:29:50.253 [main] INFO  testCases.TC_001_AccountRegistrationPage - *****Click on register*****
12:29:50.447 [main] INFO  testCases.TC_001_AccountRegistrationPage - *****Enter valid Details*****
12:29:53.109 [main] INFO  testCases.TC_001_AccountRegistrationPage - *****Get Validation*****
12:29:59.520 [main] INFO  testCases.TC_001_AccountRegistrationPage - Starting ***Registrationpage****
12:30:01.122 [main] INFO  testCases.TC_001_AccountRegistrationPage - *****Click on register*****
12:30:01.286 [main] INFO  testCases.TC_001_AccountRegistrationPage - *****Enter valid Details*****
12:30:03.748 [main] INFO  testCases.TC_001_AccountRegistrationPage - *****Get Validation*****
12:58:44.113 [TestNG-tests-1] INFO  testCases.TC_001_AccountRegistrationPage - Starting ***Registrationpage****
12:58:44.579 [TestNG-tests-2] INFO  testCases.TC_001_AccountRegistrationPage - Starting ***Registrationpage****
12:58:46.386 [TestNG-tests-1] INFO  testCases.TC_001_AccountRegistrationPage - *****Click on register*****
12:58:46.678 [TestNG-tests-1] INFO  testCases.TC_001_AccountRegistrationPage - *****Enter valid Details*****
12:58:47.003 [TestNG-tests-2] INFO  testCases.TC_001_AccountRegistrationPage - *****Click on register*****
12:58:47.182 [TestNG-tests-2] INFO  testCases.TC_001_AccountRegistrationPage - *****Enter valid Details*****
12:58:49.512 [TestNG-tests-1] INFO  testCases.TC_001_AccountRegistrationPage - *****Get Validation*****
12:58:51.057 [TestNG-tests-2] INFO  testCases.TC_001_AccountRegistrationPage - *****Get Validation*****
13:16:01.350 [TestNG-tests-2] INFO  testCases.TC_001_AccountRegistrationPage - Starting ***Registrationpage****
13:16:02.361 [TestNG-tests-2] INFO  testCases.TC_001_AccountRegistrationPage - *****Click on register*****
13:16:03.240 [TestNG-tests-2] INFO  testCases.TC_001_AccountRegistrationPage - *****Enter valid Details*****
13:16:04.084 [TestNG-tests-1] INFO  testCases.TC_001_AccountRegistrationPage - Starting ***Registrationpage****
13:16:06.733 [TestNG-tests-1] INFO  testCases.TC_001_AccountRegistrationPage - *****Click on register*****
13:16:07.021 [TestNG-tests-1] INFO  testCases.TC_001_AccountRegistrationPage - *****Enter valid Details*****
13:16:08.037 [TestNG-tests-2] INFO  testCases.TC_001_AccountRegistrationPage - *****Get Validation*****
13:16:09.963 [TestNG-tests-1] INFO  testCases.TC_001_AccountRegistrationPage - *****Get Validation*****
13:35:28.253 [main] INFO  testCases.TC_001_AccountRegistrationPage - Starting ***Registrationpage****
13:35:29.910 [main] INFO  testCases.TC_001_AccountRegistrationPage - *****Click on register*****
13:35:30.110 [main] INFO  testCases.TC_001_AccountRegistrationPage - *****Enter valid Details*****
13:35:32.752 [main] INFO  testCases.TC_001_AccountRegistrationPage - *****Get Validation*****
13:54:34.410 [main] INFO  testCases.TC_001_AccountRegistrationPage - Starting ***Registrationpage****
13:54:35.810 [main] INFO  testCases.TC_001_AccountRegistrationPage - *****Click on register*****
13:54:35.945 [main] INFO  testCases.TC_001_AccountRegistrationPage - *****Enter valid Details*****
13:54:38.162 [main] INFO  testCases.TC_001_AccountRegistrationPage - *****Get Validation*****
13:55:17.495 [main] INFO  testCases.TC_001_AccountRegistrationPage - Starting ***Registrationpage****
13:55:18.426 [main] INFO  testCases.TC_001_AccountRegistrationPage - *****Click on register*****
13:55:18.605 [main] INFO  testCases.TC_001_AccountRegistrationPage - *****Enter valid Details*****
13:55:21.273 [main] INFO  testCases.TC_001_AccountRegistrationPage - *****Get Validation*****
14:27:30.114 [main] INFO  testCases.TC_002_LoginPage - *****Click on My Login*****
14:27:31.117 [main] INFO  testCases.TC_002_LoginPage - *****Enter Login details*****
14:27:32.303 [main] INFO  testCases.TC_002_LoginPage - *****Check validation*****
14:30:19.988 [main] INFO  testCases.TC_002_LoginPage - *****Click on My Login*****
14:30:21.074 [main] INFO  testCases.TC_002_LoginPage - *****Enter Login details*****
14:30:22.576 [main] INFO  testCases.TC_002_LoginPage - *****Check validation*****
14:30:22.810 [main] INFO  testCases.TC_002_LoginPage - *****Finished Login Test*****
12:30:25.488 [main] INFO  testCases.TC_002_LoginPage - *****Click on My Login*****
12:30:26.675 [main] INFO  testCases.TC_002_LoginPage - *****Enter Login details*****
12:30:27.914 [main] INFO  testCases.TC_002_LoginPage - *****Check validation*****
13:13:21.344 [main] INFO  testCases.TC_002_LoginPage - *****Click on My Login*****
13:13:22.670 [main] INFO  testCases.TC_002_LoginPage - *****Enter Login details*****
13:13:23.809 [main] INFO  testCases.TC_002_LoginPage - *****Check validation*****
13:14:34.840 [main] INFO  testCases.TC_002_LoginPage - *****Click on My Login*****
13:14:35.716 [main] INFO  testCases.TC_002_LoginPage - *****Enter Login details*****
13:14:37.304 [main] INFO  testCases.TC_002_LoginPage - *****Check validation*****
13:14:37.528 [main] INFO  testCases.TC_002_LoginPage - *****Finished Login Test*****
13:23:26.155 [main] INFO  testCases.TC_001_AccountRegistrationPage - Starting ***Registrationpage****
13:23:28.213 [main] INFO  testCases.TC_001_AccountRegistrationPage - *****Click on register*****
13:23:28.384 [main] INFO  testCases.TC_001_AccountRegistrationPage - *****Enter valid Details*****
13:23:30.854 [main] INFO  testCases.TC_001_AccountRegistrationPage - *****Get Validation*****
13:34:28.392 [main] INFO  testCases.TC_001_AccountRegistrationPage - Starting ***Registrationpage****
13:34:30.217 [main] INFO  testCases.TC_001_AccountRegistrationPage - *****Click on register*****
13:34:30.382 [main] INFO  testCases.TC_001_AccountRegistrationPage - *****Enter valid Details*****
13:34:32.869 [main] INFO  testCases.TC_001_AccountRegistrationPage - *****Get Validation*****
11:35:40.674 [main] INFO  testCases.TC_001_AccountRegistrationPage - Starting ***Registrationpage****
11:35:42.639 [main] INFO  testCases.TC_001_AccountRegistrationPage - *****Click on register*****
11:35:42.837 [main] INFO  testCases.TC_001_AccountRegistrationPage - *****Enter valid Details*****
11:35:46.092 [main] INFO  testCases.TC_001_AccountRegistrationPage - *****Get Validation*****
11:39:19.633 [main] INFO  testCases.TC_002_LoginPage - *****Click on My Login*****
11:39:21.132 [main] INFO  testCases.TC_002_LoginPage - *****Enter Login details*****
11:39:23.085 [main] INFO  testCases.TC_002_LoginPage - *****Check validation*****
11:39:23.170 [main] INFO  testCases.TC_002_LoginPage - *****Finished Login Test*****
11:44:30.680 [main] INFO  testCases.TC_001_AccountRegistrationPage - Starting ***Registrationpage****
11:44:32.140 [main] INFO  testCases.TC_001_AccountRegistrationPage - *****Click on register*****
11:44:32.290 [main] INFO  testCases.TC_001_AccountRegistrationPage - *****Enter valid Details*****
11:44:34.715 [main] INFO  testCases.TC_001_AccountRegistrationPage - *****Get Validation*****
11:44:41.292 [main] INFO  testCases.TC_002_LoginPage - *****Click on My Login*****
11:44:42.175 [main] INFO  testCases.TC_002_LoginPage - *****Enter Login details*****
11:44:43.481 [main] INFO  testCases.TC_002_LoginPage - *****Check validation*****
11:44:43.534 [main] INFO  testCases.TC_002_LoginPage - *****Finished Login Test*****
11:50:34.421 [main] INFO  testCases.TC_001_AccountRegistrationPage - Starting ***Registrationpage****
11:50:35.367 [main] INFO  testCases.TC_001_AccountRegistrationPage - *****Click on register*****
11:50:35.536 [main] INFO  testCases.TC_001_AccountRegistrationPage - *****Enter valid Details*****
11:50:37.937 [main] INFO  testCases.TC_001_AccountRegistrationPage - *****Get Validation*****
11:50:44.532 [main] INFO  testCases.TC_002_LoginPage - *****Click on My Login*****
11:50:46.327 [main] INFO  testCases.TC_002_LoginPage - *****Enter Login details*****
11:50:47.959 [main] INFO  testCases.TC_002_LoginPage - *****Check validation*****
11:50:48.033 [main] INFO  testCases.TC_002_LoginPage - *****Finished Login Test*****
12:08:07.363 [main] INFO  testCases.TC_001_AccountRegistrationPage - Starting ***Registrationpage****
12:08:08.698 [main] INFO  testCases.TC_001_AccountRegistrationPage - *****Click on register*****
12:08:08.840 [main] INFO  testCases.TC_001_AccountRegistrationPage - *****Enter valid Details*****
12:08:11.747 [main] INFO  testCases.TC_001_AccountRegistrationPage - *****Get Validation*****
12:08:18.945 [main] INFO  testCases.TC_002_LoginPage - *****Click on My Login*****
12:08:19.863 [main] INFO  testCases.TC_002_LoginPage - *****Enter Login details*****
12:08:21.392 [main] INFO  testCases.TC_002_LoginPage - *****Check validation*****
12:08:21.452 [main] INFO  testCases.TC_002_LoginPage - *****Finished Login Test*****
12:09:41.965 [main] INFO  testCases.TC_001_AccountRegistrationPage - Starting ***Registrationpage****
12:09:43.651 [main] INFO  testCases.TC_001_AccountRegistrationPage - *****Click on register*****
12:09:43.804 [main] INFO  testCases.TC_001_AccountRegistrationPage - *****Enter valid Details*****
12:09:46.390 [main] INFO  testCases.TC_001_AccountRegistrationPage - *****Get Validation*****
12:13:50.156 [main] INFO  testCases.TC_001_AccountRegistrationPage - Starting ***Registrationpage****
12:13:51.852 [main] INFO  testCases.TC_001_AccountRegistrationPage - *****Click on register*****
12:13:52.035 [main] INFO  testCases.TC_001_AccountRegistrationPage - *****Enter valid Details*****
12:13:54.541 [main] INFO  testCases.TC_001_AccountRegistrationPage - *****Get Validation*****
12:14:46.765 [main] INFO  testCases.TC_001_AccountRegistrationPage - Starting ***Registrationpage****
12:14:47.651 [main] INFO  testCases.TC_001_AccountRegistrationPage - *****Click on register*****
12:14:47.831 [main] INFO  testCases.TC_001_AccountRegistrationPage - *****Enter valid Details*****
12:14:50.269 [main] INFO  testCases.TC_001_AccountRegistrationPage - *****Get Validation*****
12:24:09.617 [main] INFO  testCases.TC_001_AccountRegistrationPage - Starting ***Registrationpage****
12:24:10.819 [main] INFO  testCases.TC_001_AccountRegistrationPage - *****Click on register*****
12:24:10.967 [main] INFO  testCases.TC_001_AccountRegistrationPage - *****Enter valid Details*****
12:24:13.411 [main] INFO  testCases.TC_001_AccountRegistrationPage - *****Get Validation*****
12:26:18.769 [main] INFO  testCases.TC_001_AccountRegistrationPage - Starting ***Registrationpage****
12:26:20.301 [main] INFO  testCases.TC_001_AccountRegistrationPage - *****Click on register*****
12:26:20.482 [main] INFO  testCases.TC_001_AccountRegistrationPage - *****Enter valid Details*****
12:26:22.874 [main] INFO  testCases.TC_001_AccountRegistrationPage - *****Get Validation*****
12:26:30.207 [main] INFO  testCases.TC_002_LoginPage - *****Click on My Login*****
12:26:31.147 [main] INFO  testCases.TC_002_LoginPage - *****Enter Login details*****
12:26:32.157 [main] INFO  testCases.TC_002_LoginPage - *****Check validation*****
12:27:58.842 [main] INFO  testCases.TC_001_AccountRegistrationPage - Starting ***Registrationpage****
12:28:00.022 [main] INFO  testCases.TC_001_AccountRegistrationPage - *****Click on register*****
12:28:00.184 [main] INFO  testCases.TC_001_AccountRegistrationPage - *****Enter valid Details*****
12:28:02.658 [main] INFO  testCases.TC_001_AccountRegistrationPage - *****Get Validation*****
12:28:09.403 [main] INFO  testCases.TC_002_LoginPage - *****Click on My Login*****
12:28:11.289 [main] INFO  testCases.TC_002_LoginPage - *****Enter Login details*****
12:28:12.791 [main] INFO  testCases.TC_002_LoginPage - *****Check validation*****
12:28:12.854 [main] INFO  testCases.TC_002_LoginPage - *****Finished Login Test*****
12:34:22.793 [main] INFO  testCases.TC_001_AccountRegistrationPage - Starting ***Registrationpage****
12:34:24.558 [main] INFO  testCases.TC_001_AccountRegistrationPage - *****Click on register*****
12:34:24.713 [main] INFO  testCases.TC_001_AccountRegistrationPage - *****Enter valid Details*****
12:34:27.085 [main] INFO  testCases.TC_001_AccountRegistrationPage - *****Get Validation*****
12:34:36.228 [main] INFO  testCases.TC_002_LoginPage - *****Click on My Login*****
12:34:37.721 [main] INFO  testCases.TC_002_LoginPage - *****Enter Login details*****
12:34:39.102 [main] INFO  testCases.TC_002_LoginPage - *****Check validation*****
12:34:39.300 [main] INFO  testCases.TC_002_LoginPage - *****Finished Login Test*****
12:38:14.423 [main] INFO  testCases.TC_001_AccountRegistrationPage - Starting ***Registrationpage****
12:38:16.174 [main] INFO  testCases.TC_001_AccountRegistrationPage - *****Click on register*****
12:38:16.312 [main] INFO  testCases.TC_001_AccountRegistrationPage - *****Enter valid Details*****
12:38:18.741 [main] INFO  testCases.TC_001_AccountRegistrationPage - *****Get Validation*****
12:38:25.654 [main] INFO  testCases.TC_002_LoginPage - *****Click on My Login*****
12:38:27.406 [main] INFO  testCases.TC_002_LoginPage - *****Enter Login details*****
12:38:29.012 [main] INFO  testCases.TC_002_LoginPage - *****Check validation*****
12:38:29.082 [main] INFO  testCases.TC_002_LoginPage - *****Finished Login Test*****
